>> Centroides de los clusters

 12.861 21.419 54.240 65.578 17.999 15.996 60.634 75.650 10.999 29.124 68.134 71.563 39.974 53.742 67.731 63.534 18.442 64.847 69.416 14.311 12.861 21.419 54.240 65.578 17.999 15.996 60.634 75.650 10.999 29.124 68.134 71.563 39.974 53.742 67.731 63.534 18.442 64.847 69.416 14.311
 75.631 38.379 32.849 36.570 46.726 72.344 49.159 47.099 17.149 50.091 84.891 43.357 40.895 33.439 67.014 75.716 31.688 56.828 45.010 68.129 75.631 38.379 32.849 36.570 46.726 72.344 49.159 47.099 17.149 50.091 84.891 43.357 40.895 33.439 67.014 75.716 31.688 56.828 45.010 68.129
 49.720 31.195 37.368 46.561 49.276 29.241 56.852 68.734 44.483 56.777 48.373 24.587 37.491 59.092 32.376 60.888 64.071 45.855 24.256 26.391 49.720 31.195 37.368 46.561 49.276 29.241 56.852 68.734 44.483 56.777 48.373 24.587 37.491 59.092 32.376 60.888 64.071 45.855 24.256 26.391
 48.801 84.528 50.650 72.335 25.147 64.761 29.299 45.961 17.100 35.014 86.267 78.139 78.986 51.654 22.587 44.594 34.782 42.181 77.068 65.964 48.801 84.528 50.650 72.335 25.147 64.761 29.299 45.961 17.100 35.014 86.267 78.139 78.986 51.654 22.587 44.594 34.782 42.181 77.068 65.964
 71.414 53.749 35.835 23.110 21.008 17.283 73.803 51.207 71.683 21.532 16.373 61.956 29.585 31.673 85.140 87.199 17.977 82.494 82.533 20.014 71.414 53.749 35.835 23.110 21.008 17.283 73.803 51.207 71.683 21.532 16.373 61.956 29.585 31.673 85.140 87.199 17.977 82.494 82.533 20.014
 38.369 14.784 31.744 76.986 55.512 65.594 38.896 27.301 45.111 29.620 31.395 84.196 43.015 47.127 24.480 27.707 47.031 68.588 41.719 70.342 38.369 14.784 31.744 76.986 55.512 65.594 38.896 27.301 45.111 29.620 31.395 84.196 43.015 47.127 24.480 27.707 47.031 68.588 41.719 70.342
 32.541 14.310 39.125 61.931 74.935 81.643 38.501 55.600 77.708 65.376 63.470 51.705 47.042 40.561 52.736 34.412 65.637 48.376 62.791 18.498 32.541 14.310 39.125 61.931 74.935 81.643 38.501 55.600 77.708 65.376 63.470 51.705 47.042 40.561 52.736 34.412 65.637 48.376 62.791 18.498
 55.536 71.789 44.629 82.098 41.085 66.940 62.245 16.384 18.328 49.613 16.271 75.004 35.729 69.392 28.306 25.233 57.310 23.960 64.488 59.995 55.536 71.789 44.629 82.098 41.085 66.940 62.245 16.384 18.328 49.613 16.271 75.004 35.729 69.392 28.306 25.233 57.310 23.960 64.488 59.995
 66.666 14.189 79.903 79.591 58.076 78.557 53.262 69.147 12.744 53.250 30.397 77.035 85.667 11.161 67.797 42.182 87.363 74.554 39.043 35.150 66.666 14.189 79.903 79.591 58.076 78.557 53.262 69.147 12.744 53.250 30.397 77.035 85.667 11.161 67.797 42.182 87.363 74.554 39.043 35.150
 38.320 47.981 44.811 46.788 75.581 31.695 81.324 31.840 28.771 26.614 63.303 81.680 81.259 28.458 46.337 14.525 27.111 29.120 80.429 69.450 38.320 47.981 44.811 46.788 75.581 31.695 81.324 31.840 28.771 26.614 63.303 81.680 81.259 28.458 46.337 14.525 27.111 29.120 80.429 69.450
 49.761 46.102 51.153 74.319 34.625 61.300 59.734 27.643 32.040 16.703 69.835 65.879 75.285 24.522 53.094 70.711 60.091 62.735 24.315 30.256 49.761 46.102 51.153 74.319 34.625 61.300 59.734 27.643 32.040 16.703 69.835 65.879 75.285 24.522 53.094 70.711 60.091 62.735 24.315 30.256
 44.518 85.759 35.732 66.846 81.102 28.760 51.766 43.397 49.406 73.576 53.990 26.497 84.982 18.947 58.153 16.543 16.478 22.442 27.869 52.981 44.518 85.759 35.732 66.846 81.102 28.760 51.766 43.397 49.406 73.576 53.990 26.497 84.982 18.947 58.153 16.543 16.478 22.442 27.869 52.981
 62.295 50.782 47.898 67.632 44.853 49.466 60.999 70.471 56.487 37.723 53.924 50.288 42.443 60.229 72.659 47.132 63.756 39.685 46.505 62.401 62.295 50.782 47.898 67.632 44.853 49.466 60.999 70.471 56.487 37.723 53.924 50.288 42.443 60.229 72.659 47.132 63.756 39.685 46.505 62.401
 60.294 44.845 70.824 60.646 35.575 30.717 44.740 66.417 43.627 25.348 18.456 68.898 49.022 33.910 29.983 36.122 33.695 38.195 30.596 31.917 60.294 44.845 70.824 60.646 35.575 30.717 44.740 66.417 43.627 25.348 18.456 68.898 49.022 33.910 29.983 36.122 33.695 38.195 30.596 31.917
 44.384 30.380 30.086 21.239 76.101 35.123 21.455 88.100 37.889 37.819 88.285 62.853 13.751 79.183 24.510 85.634 50.043 37.211 75.879 73.236 44.384 30.380 30.086 21.239 76.101 35.123 21.455 88.100 37.889 37.819 88.285 62.853 13.751 79.183 24.510 85.634 50.043 37.211 75.879 73.236
 33.665 17.858  9.002 13.921 17.390 39.608 18.404 58.097 23.134 78.550 20.786 80.354 10.069 66.053 34.795 66.712 75.919 48.284 52.232 90.779 33.665 17.858  9.002 13.921 17.390 39.608 18.404 58.097 23.134 78.550 20.786 80.354 10.069 66.053 34.795 66.712 75.919 48.284 52.232 90.779
 44.738 76.136 38.922 16.612 45.027 83.881 37.228 72.143 85.702 77.258 83.617 61.089 55.356 40.310 87.809 79.702 65.785 27.711 70.103 57.640 44.738 76.136 38.922 16.612 45.027 83.881 37.228 72.143 85.702 77.258 83.617 61.089 55.356 40.310 87.809 79.702 65.785 27.711 70.103 57.640
 65.444 86.587 33.455 18.464 40.114 45.855 23.225 55.245 22.474 19.445 18.028 18.626 44.741 71.391 37.149 56.996 52.282 57.390 67.285 46.201 65.444 86.587 33.455 18.464 40.114 45.855 23.225 55.245 22.474 19.445 18.028 18.626 44.741 71.391 37.149 56.996 52.282 57.390 67.285 46.201
 42.633 39.419 84.866 12.484 66.178 74.395 18.652 51.495 17.973 64.644 45.696 69.710 66.639 74.671 46.827 74.529 50.854 61.755 70.026 29.298 42.633 39.419 84.866 12.484 66.178 74.395 18.652 51.495 17.973 64.644 45.696 69.710 66.639 74.671 46.827 74.529 50.854 61.755 70.026 29.298
 65.480 30.223 66.507 41.603 56.828 50.040 75.892 54.641 47.068 51.931 39.040 58.867 57.429 52.447 27.382 83.070 39.998 63.073 84.715 65.339 65.480 30.223 66.507 41.603 56.828 50.040 75.892 54.641 47.068 51.931 39.040 58.867 57.429 52.447 27.382 83.070 39.998 63.073 84.715 65.339
 31.807 23.552 39.373 64.980 27.354 11.800 83.122 30.930 50.640 78.146 51.106 27.726 59.774 80.493 66.806 40.118 38.344 44.369 29.798 36.176 31.807 23.552 39.373 64.980 27.354 11.800 83.122 30.930 50.640 78.146 51.106 27.726 59.774 80.493 66.806 40.118 38.344 44.369 29.798 36.176
 40.060 20.225 68.281 38.424 26.163 58.050 50.047 37.573 65.130 24.828 56.598 47.623 29.946 79.378 60.643 18.174 63.828 61.899 82.420 47.204 40.060 20.225 68.281 38.424 26.163 58.050 50.047 37.573 65.130 24.828 56.598 47.623 29.946 79.378 60.643 18.174 63.828 61.899 82.420 47.204
 48.621 25.753 51.895 39.609 76.563 43.693 35.829 24.602 22.180 31.902 35.945 47.648 41.900 56.158 64.607 44.364 41.603 71.388 37.596 37.435 48.621 25.753 51.895 39.609 76.563 43.693 35.829 24.602 22.180 31.902 35.945 47.648 41.900 56.158 64.607 44.364 41.603 71.388 37.596 37.435
 81.779 52.547 77.856 17.692 74.580 46.299 72.290 82.958 28.686  9.633 81.372 72.336 87.825 81.759 90.149 38.064 22.569 63.856 15.764 84.221 81.779 52.547 77.856 17.692 74.580 46.299 72.290 82.958 28.686  9.633 81.372 72.336 87.825 81.759 90.149 38.064 22.569 63.856 15.764 84.221
 72.251 39.186 36.722 30.756 27.293 73.794 82.191 27.786 55.837 62.588 27.342 42.317 59.343 52.782 28.556 53.715 53.858 66.862 39.491 50.576 72.251 39.186 36.722 30.756 27.293 73.794 82.191 27.786 55.837 62.588 27.342 42.317 59.343 52.782 28.556 53.715 53.858 66.862 39.491 50.576
 68.518 13.066 40.256 10.352 28.199 84.791 15.226 32.003 52.978 35.668 36.781 29.388 85.138 15.944 49.351 21.439 37.301 46.411 54.983 34.197 68.518 13.066 40.256 10.352 28.199 84.791 15.226 32.003 52.978 35.668 36.781 29.388 85.138 15.944 49.351 21.439 37.301 46.411 54.983 34.197
 26.947 52.352 51.036 31.092 26.989 50.524 68.404 53.505 62.608 82.782 71.295 26.378 82.939 27.838 82.080 45.333 75.268 38.994 17.077 27.421 26.947 52.352 51.036 31.092 26.989 50.524 68.404 53.505 62.608 82.782 71.295 26.378 82.939 27.838 82.080 45.333 75.268 38.994 17.077 27.421
 30.974 47.623 49.695 24.795 64.545 28.758 64.941 40.634 50.599 24.860 43.498 52.117 37.995 53.735 35.588 56.476 56.544 35.222 37.814 67.813 30.974 47.623 49.695 24.795 64.545 28.758 64.941 40.634 50.599 24.860 43.498 52.117 37.995 53.735 35.588 56.476 56.544 35.222 37.814 67.813
 49.296 63.895 61.288 45.998 18.024 41.719 48.770 38.834 58.059 62.689 66.101 51.648 15.321 53.230 35.499 18.374 44.048 61.426 30.811 19.395 49.296 63.895 61.288 45.998 18.024 41.719 48.770 38.834 58.059 62.689 66.101 51.648 15.321 53.230 35.499 18.374 44.048 61.426 30.811 19.395
 22.894 65.814 29.771 68.919 70.092 78.279 57.002 54.558 58.799 35.104 14.916 55.234 59.145 82.388 47.675 64.804 25.833 51.731 83.762 49.604 22.894 65.814 29.771 68.919 70.092 78.279 57.002 54.558 58.799 35.104 14.916 55.234 59.145 82.388 47.675 64.804 25.833 51.731 83.762 49.604
 85.180 57.288 61.394 83.096 69.198 62.581 25.991 57.885 29.140 66.722 35.596 34.305 45.515 26.469 57.194 37.182 43.302 25.492 69.632 24.049 85.180 57.288 61.394 83.096 69.198 62.581 25.991 57.885 29.140 66.722 35.596 34.305 45.515 26.469 57.194 37.182 43.302 25.492 69.632 24.049
 63.633 65.508 33.836 38.445 53.701 55.455 40.026 48.013 53.589 59.310 45.872 75.101 43.184 24.451 51.025 39.453 69.397 48.889 66.443 32.035 63.633 65.508 33.836 38.445 53.701 55.455 40.026 48.013 53.589 59.310 45.872 75.101 43.184 24.451 51.025 39.453 69.397 48.889 66.443 32.035
 42.877 42.558 31.522 47.709 75.789 24.564 42.602 68.625 73.653 56.345 64.085 43.075 48.069 51.864 29.625 35.318 24.088 58.727 21.530 67.038 42.877 42.558 31.522 47.709 75.789 24.564 42.602 68.625 73.653 56.345 64.085 43.075 48.069 51.864 29.625 35.318 24.088 58.727 21.530 67.038
 26.520 58.406 68.385 27.800 39.886 19.828 47.496 59.614 37.117 69.675 50.130 68.844 84.525 74.413 57.890 70.011 52.452 46.063 30.882 74.878 26.520 58.406 68.385 27.800 39.886 19.828 47.496 59.614 37.117 69.675 50.130 68.844 84.525 74.413 57.890 70.011 52.452 46.063 30.882 74.878
 33.668 85.308 62.981 49.170 58.270 43.971 75.465 82.134 34.884 77.096 12.594 70.881 52.318 83.969 39.816 12.646 10.980 45.990 33.599 49.991 33.668 85.308 62.981 49.170 58.270 43.971 75.465 82.134 34.884 77.096 12.594 70.881 52.318 83.969 39.816 12.646 10.980 45.990 33.599 49.991
 33.273 53.877 79.029 69.790 22.343 44.873 76.199 57.685 54.062 81.640 37.801 35.292 65.515 42.662 36.848 19.731 84.960 70.945 62.728 65.946 33.273 53.877 79.029 69.790 22.343 44.873 76.199 57.685 54.062 81.640 37.801 35.292 65.515 42.662 36.848 19.731 84.960 70.945 62.728 65.946
 42.460 73.639 41.151 39.047 19.345 58.000 34.045 53.250 52.513 80.211 21.565 47.379 48.751 21.970 51.035 36.527 24.259 33.460 44.611 83.065 42.460 73.639 41.151 39.047 19.345 58.000 34.045 53.250 52.513 80.211 21.565 47.379 48.751 21.970 51.035 36.527 24.259 33.460 44.611 83.065
 87.426 61.408 72.511 90.339 15.392 70.015 89.413 37.811 73.009 90.853 81.025 58.980 15.041 22.952 53.115 48.159 14.032 46.569 36.475 88.238 87.426 61.408 72.511 90.339 15.392 70.015 89.413 37.811 73.009 90.853 81.025 58.980 15.041 22.952 53.115 48.159 14.032 46.569 36.475 88.238
 16.244 49.942 54.683 84.550 85.262 16.680 54.328 46.394 75.248 67.619 73.480 21.805 71.975 31.873 66.300 87.535 65.326 37.420 85.080 46.955 16.244 49.942 54.683 84.550 85.262 16.680 54.328 46.394 75.248 67.619 73.480 21.805 71.975 31.873 66.300 87.535 65.326 37.420 85.080 46.955
 50.415 76.948 54.350 66.631 65.868 31.669 21.684 27.743 67.811 28.256 30.397 75.435 69.829 17.539 87.210 21.435 36.593 74.585 80.960 31.224 50.415 76.948 54.350 66.631 65.868 31.669 21.684 27.743 67.811 28.256 30.397 75.435 69.829 17.539 87.210 21.435 36.593 74.585 80.960 31.224
 27.830 62.344 33.084 43.268 76.416 36.814 68.389 33.426 52.398 74.915 55.014 63.964 35.135 30.009 40.385 46.441 69.432 44.717 21.753 21.577 27.830 62.344 33.084 43.268 76.416 36.814 68.389 33.426 52.398 74.915 55.014 63.964 35.135 30.009 40.385 46.441 69.432 44.717 21.753 21.577
 50.097 54.019 52.892 79.524 82.942 46.265 37.711 43.948 88.826 21.701 43.895 37.508 86.585 58.151 34.805 83.384 80.492 57.468 19.752 77.930 50.097 54.019 52.892 79.524 82.942 46.265 37.711 43.948 88.826 21.701 43.895 37.508 86.585 58.151 34.805 83.384 80.492 57.468 19.752 77.930
 62.471 56.363 82.561 21.677 62.460 61.223 19.409 27.098 61.394 67.355 22.217 23.512 52.052 72.076 45.291 62.145 54.185 76.060 31.714 32.562 62.471 56.363 82.561 21.677 62.460 61.223 19.409 27.098 61.394 67.355 22.217 23.512 52.052 72.076 45.291 62.145 54.185 76.060 31.714 32.562
 66.603 33.003 11.233 56.945 84.691 65.762 32.524 79.808 13.242 74.963 87.694 37.393 35.118 78.545 87.764 80.745 79.933 80.727 51.427 23.452 66.603 33.003 11.233 56.945 84.691 65.762 32.524 79.808 13.242 74.963 87.694 37.393 35.118 78.545 87.764 80.745 79.933 80.727 51.427 23.452
 54.512 82.319 75.159 50.956 39.364 44.842 52.722 20.370 64.854 41.446 40.635 45.797 38.410 71.600 55.218 58.909 19.602 42.988 38.440 66.255 54.512 82.319 75.159 50.956 39.364 44.842 52.722 20.370 64.854 41.446 40.635 45.797 38.410 71.600 55.218 58.909 19.602 42.988 38.440 66.255


>> Numero de clusteres: 45. Tamanno de los grupos:

  1789  3839  9773  3523  1734  1980  5350  1899  1762  1878
  7297  2861  1410 10603  1748  1699 11867  6195  3481  7150
  4553  3746  8068  1675  9026  1833  4479  8195  6387  6251
  4682 12505  6457  3683  1816  5222  5315  1691  2874  1833
  5286  1863  4591  2711  9060

>> Densidad de los clusters: b[i]

    52.27   126.35   163.32   117.99    44.84    74.50   148.08    65.97    48.29    64.09
   120.99    54.73   230.27   143.30    46.72    39.66    54.57   117.80   108.51   160.00
    96.53   105.27   149.26    36.02   147.85    58.16    88.16   154.17   126.71   114.14
   111.03   150.83   128.05   123.67    56.01   118.67   148.60    38.69    56.06    58.33
   134.06    62.07   111.28    41.51   140.69


>> Analisis de enfermedades (medianas) en los grupos

Enfermedad:  0 - mmax: 0.41 (grupo  4) - mmin: 0.38 (grupo 23)
Enfermedad:  1 - mmax: 0.60 (grupo  2) - mmin: 0.58 (grupo  8)
Enfermedad:  2 - mmax: 0.41 (grupo  7) - mmin: 0.38 (grupo 12)
Enfermedad:  3 - mmax: 0.60 (grupo  1) - mmin: 0.59 (grupo  0)
Enfermedad:  4 - mmax: 0.41 (grupo 23) - mmin: 0.39 (grupo  2)
Enfermedad:  5 - mmax: 0.60 (grupo  2) - mmin: 0.58 (grupo  0)
Enfermedad:  6 - mmax: 0.41 (grupo  4) - mmin: 0.38 (grupo 41)
Enfermedad:  7 - mmax: 0.61 (grupo 37) - mmin: 0.58 (grupo 39)
Enfermedad:  8 - mmax: 0.40 (grupo  1) - mmin: 0.39 (grupo  0)
Enfermedad:  9 - mmax: 0.60 (grupo  0) - mmin: 0.59 (grupo  4)
Enfermedad: 10 - mmax: 0.41 (grupo 15) - mmin: 0.38 (grupo 14)
Enfermedad: 11 - mmax: 0.61 (grupo 43) - mmin: 0.59 (grupo  6)
Enfermedad: 12 - mmax: 0.41 (grupo 34) - mmin: 0.38 (grupo  8)
Enfermedad: 13 - mmax: 0.61 (grupo  9) - mmin: 0.59 (grupo  0)
Enfermedad: 14 - mmax: 0.40 (grupo  0) - mmin: 0.38 (grupo 39)
Enfermedad: 15 - mmax: 0.60 (grupo  0) - mmin: 0.58 (grupo 12)
Enfermedad: 16 - mmax: 0.41 (grupo  8) - mmin: 0.39 (grupo  2)
Enfermedad: 17 - mmax: 0.61 (grupo 29) - mmin: 0.59 (grupo  0)


