
*** Ejecucion en serie ***


>> Centroides 0, 20, 40...

  cent 0 --  12.9 21.4 54.2 65.6 18.0 16.0 60.6 75.6 11.0 29.1 68.1 71.6 40.0 53.7 67.7 63.5 18.4 64.8 69.4 14.3 12.9 21.4 54.2 65.6 18.0 16.0 60.6 75.6 11.0 29.1 68.1 71.6 40.0 53.7 67.7 63.5 18.4 64.8 69.4 14.3

  cent20 --  31.8 23.6 39.4 65.0 27.4 11.8 83.1 31.0 50.6 78.1 51.1 27.7 59.8 80.5 66.8 40.1 38.4 44.4 29.8 36.2 31.8 23.6 39.4 65.0 27.4 11.8 83.1 31.0 50.6 78.1 51.1 27.7 59.8 80.5 66.8 40.1 38.4 44.4 29.8 36.2

  cent40 --  27.8 62.3 33.1 43.3 76.4 36.8 68.4 33.4 52.4 74.9 55.0 64.0 35.1 30.0 40.4 46.4 69.4 44.7 21.8 21.6 27.8 62.3 33.1 43.3 76.4 36.8 68.4 33.4 52.4 74.9 55.0 64.0 35.1 30.0 40.4 46.4 69.4 44.7 21.8 21.6

>> Numero de clusteres: 45. Tamanno de los grupos:

  1789  3838  9772  3520  1734  1982  5352  1900  1763  1878
  7297  2861  1416 10605  1747  1699 11866  6192  3482  7150
  4557  3748  8068  1675  9030  1833  4478  8189  6388  6250
  4679 12503  6460  3681  1817  5221  5315  1691  2874  1833
  5286  1859  4591  2711  9060

>> Densidad de los clusters: b[i]

    52.27   126.33   163.31   117.85    44.84    74.68   148.12    66.10    48.43    64.09
   120.99    54.73   230.52   143.32    46.56    39.66    54.55   117.73   108.57   159.99
    96.67   105.36   149.26    36.04   147.90    58.16    88.10   154.08   126.73   114.10
   110.94   150.81   128.12   123.57    56.16   118.64   148.60    38.69    56.06    58.33
   134.06    61.55   111.28    41.51   140.68

>> Analisis de enfermedades en los grupos

Enfermedad:  0 - max: 0.41 (grupo  4) - min: 0.38 (grupo 23)
Enfermedad:  1 - max: 0.60 (grupo  1) - min: 0.58 (grupo  8)
Enfermedad:  2 - max: 0.41 (grupo  7) - min: 0.38 (grupo 12)
Enfermedad:  3 - max: 0.60 (grupo  1) - min: 0.59 (grupo  0)
Enfermedad:  4 - max: 0.41 (grupo 23) - min: 0.39 (grupo  2)
Enfermedad:  5 - max: 0.61 (grupo 41) - min: 0.58 (grupo  0)
Enfermedad:  6 - max: 0.41 (grupo  4) - min: 0.38 (grupo 41)
Enfermedad:  7 - max: 0.61 (grupo 37) - min: 0.58 (grupo 39)
Enfermedad:  8 - max: 0.40 (grupo  1) - min: 0.39 (grupo  0)
Enfermedad:  9 - max: 0.60 (grupo  0) - min: 0.59 (grupo  4)
Enfermedad: 10 - max: 0.41 (grupo 15) - min: 0.38 (grupo 14)
Enfermedad: 11 - max: 0.61 (grupo 43) - min: 0.59 (grupo  6)
Enfermedad: 12 - max: 0.41 (grupo 34) - min: 0.38 (grupo  8)
Enfermedad: 13 - max: 0.61 (grupo  9) - min: 0.59 (grupo  0)
Enfermedad: 14 - max: 0.40 (grupo  0) - min: 0.38 (grupo 39)
Enfermedad: 15 - max: 0.60 (grupo  0) - min: 0.58 (grupo 12)
Enfermedad: 16 - max: 0.41 (grupo  8) - min: 0.39 (grupo  2)
Enfermedad: 17 - max: 0.61 (grupo 29) - min: 0.59 (grupo  0)

t_lec,3.467289
t_clust,253.878173
t_enf,15.440848
t_escri,0.002654
Texe,272.788965
